<?xml version="1.0" encoding="UTF-8"?>
<!-- Generated by org.testng.reporters.JUnitReportReporter -->
<testsuite hostname="Mohankumars-MacBook-Air.local" failures="0" tests="1" name="tests.CreateLeadTests" time="58.245" errors="0" timestamp="2023-05-26T01:33:54 BST" skipped="0">
  <testcase classname="tests.CreateLeadTests" name="login" time="58.245"/>
  <system-out/>
</testsuite> <!-- tests.CreateLeadTests -->
