<?xml version="1.0" encoding="UTF-8"?>
<!-- Generated by org.testng.reporters.JUnitReportReporter -->
<testsuite hostname="Mohankumars-MacBook-Air.local" failures="0" tests="1" name="tests.LoginTests" time="22.763" errors="0" timestamp="2023-05-25T23:41:24 BST" skipped="0">
  <testcase classname="tests.LoginTests" name="login" time="22.763"/>
  <system-out/>
</testsuite> <!-- tests.LoginTests -->
